<?xml version="1.0" encoding="UTF-8"?>
<!-- Generated by org.testng.reporters.JUnitReportReporter -->
<testsuite hostname="DESKTOP-RGJMVDJ" failures="0" tests="2" name="testNG.ParllelExample" time="34.988" errors="0" timestamp="31 Oct 2023 04:36:35 GMT" skipped="0">
  <testcase classname="testNG.ParllelExample" name="openBing" time="14.186"/>
  <testcase classname="testNG.ParllelExample" name="openGoogle" time="20.802"/>
</testsuite> <!-- testNG.ParllelExample -->
