<?xml version="1.0" encoding="UTF-8"?>
<!-- Generated by org.testng.reporters.JUnitReportReporter -->
<testsuite hostname="DESKTOP-RGJMVDJ" failures="0" tests="1" name="testNG.SkipATestCase3" time="0.023" errors="0" timestamp="31 Oct 2023 01:45:29 GMT" skipped="0">
  <testcase classname="testNG.SkipATestCase3" name="startTheCar" time="0.023"/>
</testsuite> <!-- testNG.SkipATestCase3 -->
