<?xml version="1.0" encoding="UTF-8"?>
<!-- Generated by org.testng.reporters.JUnitReportReporter -->
<testsuite hostname="DESKTOP-RGJMVDJ" failures="0" tests="2" name="testNG.groupingExample7" time="0.024" errors="0" timestamp="31 Oct 2023 01:50:35 GMT" skipped="0">
  <testcase classname="testNG.groupingExample7" name="vivo1" time="0.018"/>
  <testcase classname="testNG.groupingExample7" name="vivo2" time="0.006"/>
</testsuite> <!-- testNG.groupingExample7 -->
