<?xml version="1.0" encoding="UTF-8"?>
<!-- Generated by org.testng.reporters.JUnitReportReporter -->
<testsuite hostname="DESKTOP-RGJMVDJ" failures="0" tests="3" name="testNG.DependanciesManagement4" time="0.059" errors="0" timestamp="01 Oct 2023 12:10:16 GMT" skipped="0">
  <testcase classname="testNG.DependanciesManagement4" name="higherSecondary" time="0.011"/>
  <testcase classname="testNG.DependanciesManagement4" name="highSchool" time="0.030"/>
  <testcase classname="testNG.DependanciesManagement4" name="engineering" time="0.018"/>
</testsuite> <!-- testNG.DependanciesManagement4 -->
