<?xml version="1.0" encoding="UTF-8"?>
<!-- Generated by org.testng.reporters.JUnitReportReporter -->
<testsuite hostname="DESKTOP-RGJMVDJ" failures="0" tests="4" name="lognTestCase.logins" time="17.713" errors="0" timestamp="31 Oct 2023 05:44:44 GMT" skipped="0">
  <testcase classname="lognTestCase.logins" name="loginUsingBothCorrect" time="8.971"/>
  <testcase classname="lognTestCase.logins" name="loginUsingBothCorrect" time="1.705"/>
  <testcase classname="lognTestCase.logins" name="loginUsingBothCorrect" time="1.881"/>
  <testcase classname="lognTestCase.logins" name="loginUsingBothCorrect" time="5.156"/>
</testsuite> <!-- lognTestCase.logins -->
