<?xml version="1.0" encoding="UTF-8"?>
<!-- Generated by org.testng.reporters.JUnitReportReporter -->
<testsuite hostname="DESKTOP-RGJMVDJ" failures="0" tests="1" name="lognTestCase.BothIncorrect" time="9.238" errors="0" timestamp="09 Oct 2023 09:12:54 GMT" skipped="0">
  <testcase classname="lognTestCase.BothIncorrect" name="loginUsingBothInCorrect" time="9.238"/>
</testsuite> <!-- lognTestCase.BothIncorrect -->
