<?xml version="1.0" encoding="UTF-8"?>
<!-- Generated by org.testng.reporters.JUnitReportReporter -->
<testsuite hostname="DESKTOP-RGJMVDJ" failures="0" tests="3" name="seleniumInterview.TestMultipleTimes" time="0.064" errors="0" timestamp="12 Oct 2023 10:11:23 GMT" skipped="0">
  <testcase classname="seleniumInterview.TestMultipleTimes" name="test" time="0.013"/>
  <testcase classname="seleniumInterview.TestMultipleTimes" name="test" time="0.041"/>
  <testcase classname="seleniumInterview.TestMultipleTimes" name="test" time="0.010"/>
</testsuite> <!-- seleniumInterview.TestMultipleTimes -->
