<?xml version="1.0" encoding="UTF-8"?>
<!-- Generated by org.testng.reporters.JUnitReportReporter -->
<testsuite hostname="DESKTOP-RGJMVDJ" failures="0" tests="3" name="extentReportExamples.ExtentReportExample" time="18.053" errors="0" timestamp="29 Oct 2023 11:12:49 GMT" skipped="0">
  <testcase classname="extentReportExamples.ExtentReportExample" name="openGoogle" time="10.435"/>
  <testcase classname="extentReportExamples.ExtentReportExample" name="openbing" time="4.874"/>
  <testcase classname="extentReportExamples.ExtentReportExample" name="openWikipedia" time="2.744"/>
</testsuite> <!-- extentReportExamples.ExtentReportExample -->
