<?xml version="1.0" encoding="UTF-8"?>
<!-- Generated by org.testng.reporters.JUnitReportReporter -->
<testsuite hostname="DESKTOP-RGJMVDJ" failures="0" tests="1" name="seleniumInterview.TimeOutsExample" time="2.052" errors="0" timestamp="13 Oct 2023 07:09:41 GMT" skipped="0">
  <testcase classname="seleniumInterview.TimeOutsExample" name="tests" time="2.052"/>
</testsuite> <!-- seleniumInterview.TimeOutsExample -->
