<?xml version="1.0" encoding="UTF-8"?>
<!-- Generated by org.testng.reporters.JUnitReportReporter -->
<testsuite hostname="DESKTOP-RGJMVDJ" failures="0" tests="2" name="testNG.AnnotationsHirearchyExample" time="0.094" errors="0" timestamp="31 Oct 2023 04:45:01 GMT" skipped="0">
  <testcase classname="testNG.AnnotationsHirearchyExample" name="secondTest" time="0.028"/>
  <testcase classname="testNG.AnnotationsHirearchyExample" name="firsttest" time="0.066"/>
</testsuite> <!-- testNG.AnnotationsHirearchyExample -->
