<?xml version="1.0" encoding="UTF-8"?>
<!-- Generated by org.testng.reporters.JUnitReportReporter -->
<testsuite hostname="DESKTOP-RGJMVDJ" failures="0" tests="5" name="testNG.DriveACar" time="0.052" errors="0" timestamp="04 Oct 2023 00:49:38 GMT" skipped="0">
  <testcase classname="testNG.DriveACar" name="startTheCar" time="0.022"/>
  <testcase classname="testNG.DriveACar" name="putFirstGear" time="0.004"/>
  <testcase classname="testNG.DriveACar" name="putSecondGear" time="0.020"/>
  <testcase classname="testNG.DriveACar" name="putThirdGear" time="0.005"/>
  <testcase classname="testNG.DriveACar" name="putFourthGear" time="0.001"/>
</testsuite> <!-- testNG.DriveACar -->
