<?xml version="1.0" encoding="UTF-8"?>
<!-- Generated by org.testng.reporters.JUnitReportReporter -->
<testsuite hostname="DESKTOP-RGJMVDJ" failures="0" tests="2" name="testNG.SuiteExample5" time="6.469" errors="0" timestamp="31 Oct 2023 01:34:14 GMT" skipped="0">
  <testcase classname="testNG.SuiteExample5" name="openGoogle" time="4.992"/>
  <testcase classname="testNG.SuiteExample5" name="openbing" time="1.477"/>
</testsuite> <!-- testNG.SuiteExample5 -->
