<?xml version="1.0" encoding="UTF-8"?>
<!-- Generated by org.testng.reporters.JUnitReportReporter -->
<testsuite hostname="DESKTOP-RGJMVDJ" failures="0" tests="1" name="testNG.SampleTestClass" time="0.034" errors="0" timestamp="31 Oct 2023 04:52:20 GMT" skipped="0">
  <testcase classname="testNG.SampleTestClass" name="firstTestCase" time="0.034"/>
</testsuite> <!-- testNG.SampleTestClass -->
