<?xml version="1.0" encoding="UTF-8"?>
<!-- Generated by org.testng.reporters.JUnitReportReporter -->
<testsuite hostname="DESKTOP-RGJMVDJ" failures="0" tests="1" name="seleniumInterview.SoftHardAssert" time="0.036" errors="0" timestamp="12 Oct 2023 09:38:00 GMT" skipped="0">
  <testcase classname="seleniumInterview.SoftHardAssert" name="verify" time="0.036"/>
</testsuite> <!-- seleniumInterview.SoftHardAssert -->
