<?xml version="1.0" encoding="UTF-8"?>
<!-- Generated by org.testng.reporters.JUnitReportReporter -->
<testsuite hostname="DESKTOP-RGJMVDJ" failures="0" tests="3" name="lognTestCase.login" time="28.342" errors="0" timestamp="31 Oct 2023 05:13:15 GMT" skipped="0">
  <testcase classname="lognTestCase.login" name="loginUsingBothCorrect" time="8.343"/>
  <testcase classname="lognTestCase.login" name="loginUsingBothCorrect" time="11.728"/>
  <testcase classname="lognTestCase.login" name="loginUsingBothCorrect" time="8.271"/>
</testsuite> <!-- lognTestCase.login -->
