<?xml version="1.0" encoding="UTF-8"?>
<!-- Generated by org.testng.reporters.JUnitReportReporter -->
<testsuite hostname="DESKTOP-RGJMVDJ" failures="0" tests="1" name="lognTestCase.CorrectUserName" time="11.409" errors="0" timestamp="09 Oct 2023 09:12:54 GMT" skipped="0">
  <testcase classname="lognTestCase.CorrectUserName" name="logInWithCorrectUserName" time="11.409"/>
</testsuite> <!-- lognTestCase.CorrectUserName -->
